Afghanistan in cluster: 3
Albania in cluster: 1
Algeria in cluster: 0
American Samoa in cluster: 3
Andean Latin America in cluster: 2
Andorra in cluster: 5
Angola in cluster: 3
Antigua and Barbuda in cluster: 6
Argentina in cluster: 1
Armenia in cluster: 3
Australasia in cluster: 0
Australia in cluster: 0
Austria in cluster: 5
Azerbaijan in cluster: 3
Bahrain in cluster: 2
Bangladesh in cluster: 5
Barbados in cluster: 6
Belarus in cluster: 5
Belgium in cluster: 2
Belize in cluster: 2
Benin in cluster: 6
Bermuda in cluster: 6
Bhutan in cluster: 5
Bolivia in cluster: 2
Bosnia and Herzegovina in cluster: 2
Botswana in cluster: 2
Brazil in cluster: 0
Brunei in cluster: 5
Bulgaria in cluster: 3
Burkina Faso in cluster: 2
Burundi in cluster: 1
Cambodia in cluster: 5
Cameroon in cluster: 2
Canada in cluster: 2
Cape Verde in cluster: 2
Caribbean in cluster: 2
Central African Republic in cluster: 1
Central Asia in cluster: 3
Central Europe Eastern Europe and Central Asia in cluster: 4
Central Europe in cluster: 4
Central Latin America in cluster: 6
Central Sub-Saharan Africa in cluster: 4
Chad in cluster: 3
Chile in cluster: 3
China in cluster: 5
Colombia in cluster: 6
Comoros in cluster: 5
Congo in cluster: 1
Costa Rica in cluster: 6
Cote d'Ivoire in cluster: 1
Croatia in cluster: 4
Cuba in cluster: 3
Cyprus in cluster: 1
Czech Republic in cluster: 4
Democratic Republic of the Congo in cluster: 4
Denmark in cluster: 2
Djibouti in cluster: 0
Dominica in cluster: 2
Dominican Republic in cluster: 2
East Asia in cluster: 5
Eastern Europe in cluster: 1
Eastern Sub-Saharan Africa in cluster: 5
Ecuador in cluster: 1
Egypt in cluster: 0
El Salvador in cluster: 0
Equatorial Guinea in cluster: 0
Eritrea in cluster: 4
Estonia in cluster: 3
Ethiopia in cluster: 5
Federated States of Micronesia in cluster: 3
Fiji in cluster: 3
Finland in cluster: 3
France in cluster: 2
Gabon in cluster: 0
Georgia in cluster: 3
Germany in cluster: 6
Ghana in cluster: 0
Global in cluster: 1
Greece in cluster: 2
Greenland in cluster: 6
Grenada in cluster: 2
Guam in cluster: 0
Guatemala in cluster: 2
Guinea-Bissau in cluster: 2
Guinea in cluster: 5
Guyana in cluster: 1
Haiti in cluster: 1
High SDI in cluster: 2
High-income Asia Pacific in cluster: 5
High-income North America in cluster: 0
High-income in cluster: 6
High-middle SDI in cluster: 1
Honduras in cluster: 0
Hungary in cluster: 1
Iceland in cluster: 3
India in cluster: 5
Indonesia in cluster: 2
Iran (Islamic Republic of) in cluster: 3
Iraq in cluster: 3
Ireland in cluster: 0
Israel in cluster: 5
Italy in cluster: 4
Jamaica in cluster: 3
Japan in cluster: 5
Jordan in cluster: 6
Kazakhstan in cluster: 4
Kenya in cluster: 1
Kiribati in cluster: 1
Kuwait in cluster: 0
Kyrgyzstan in cluster: 1
Laos in cluster: 5
Latin America and Caribbean in cluster: 2
Latvia in cluster: 1
Lebanon in cluster: 6
Lesotho in cluster: 2
Liberia in cluster: 1
Libya in cluster: 1
Lithuania in cluster: 1
Low SDI in cluster: 5
Low-middle SDI in cluster: 5
Luxembourg in cluster: 2
Macedonia (Former Yugoslav Republic of) in cluster: 5
Madagascar in cluster: 1
Malawi in cluster: 4
Malaysia in cluster: 2
Maldives in cluster: 0
Mali in cluster: 6
Malta in cluster: 1
Marshall Islands in cluster: 3
Mauritania in cluster: 0
Mauritius in cluster: 2
Mexico in cluster: 2
Middle SDI in cluster: 5
Moldova in cluster: 7
Mongolia in cluster: 3
Montenegro in cluster: 5
Morocco in cluster: 2
Mozambique in cluster: 2
Myanmar in cluster: 2
Namibia in cluster: 1
Nepal in cluster: 5
Netherlands in cluster: 2
New Zealand in cluster: 0
Nicaragua in cluster: 0
Niger in cluster: 5
Nigeria in cluster: 3
North Africa and Middle East in cluster: 2
North Korea in cluster: 5
Northern Mariana Islands in cluster: 3
Norway in cluster: 2
Oceania in cluster: 1
Oman in cluster: 0
Pakistan in cluster: 7
Palestine in cluster: 0
Panama in cluster: 2
Papua New Guinea in cluster: 4
Paraguay in cluster: 0
Peru in cluster: 3
Philippines in cluster: 5
Poland in cluster: 4
Portugal in cluster: 2
Puerto Rico in cluster: 0
Qatar in cluster: 4
Republic of Korea in cluster: 4
Romania in cluster: 1
Russian Federation in cluster: 1
Rwanda in cluster: 4
Saint Lucia in cluster: 2
Saint Vincent and the Grenadines in cluster: 0
Samoa in cluster: 3
Sao Tome and Principe in cluster: 1
Saudi Arabia in cluster: 0
Senegal in cluster: 5
Serbia in cluster: 1
Seychelles in cluster: 0
Sierra Leone in cluster: 5
Singapore in cluster: 5
Slovakia in cluster: 4
Slovenia in cluster: 1
Solomon Islands in cluster: 6
Somalia in cluster: 4
South Africa in cluster: 3
South Asia in cluster: 5
South Sudan in cluster: 5
Southeast Asia East Asia and Oceania in cluster: 5
Southeast Asia in cluster: 5
Southern Latin America in cluster: 1
Southern Sub-Saharan Africa in cluster: 2
Spain in cluster: 3
Sri Lanka in cluster: 5
Sub-Saharan Africa in cluster: 1
Sudan in cluster: 2
Suriname in cluster: 0
Swaziland in cluster: 1
Sweden in cluster: 2
Switzerland in cluster: 5
Syria in cluster: 5
Taiwan in cluster: 5
Tajikistan in cluster: 4
Tanzania in cluster: 4
Thailand in cluster: 2
The Bahamas in cluster: 6
The Gambia in cluster: 2
Timor-Leste in cluster: 5
Togo in cluster: 2
Tonga in cluster: 6
Trinidad and Tobago in cluster: 3
Tropical Latin America in cluster: 0
Tunisia in cluster: 1
Turkey in cluster: 2
Turkmenistan in cluster: 3
Uganda in cluster: 2
Ukraine in cluster: 4
United Arab Emirates in cluster: 4
United Kingdom in cluster: 3
United States of America in cluster: 0
Uruguay in cluster: 1
Uzbekistan in cluster: 3
Vanuatu in cluster: 5
Venezuela (Bolivarian Republic of) in cluster: 2
Vietnam in cluster: 5
Virgin Islands U.S. in cluster: 0
Western Europe in cluster: 2
Western Sub-Saharan Africa in cluster: 2
Yemen in cluster: 5
Zambia in cluster: 4
Zimbabwe in cluster: 4
