Afghanistan in cluster: 5
Albania in cluster: 3
Algeria in cluster: 2
American Samoa in cluster: 1
Andean Latin America in cluster: 6
Andorra in cluster: 3
Angola in cluster: 1
Antigua and Barbuda in cluster: 2
Argentina in cluster: 0
Armenia in cluster: 1
Australasia in cluster: 2
Australia in cluster: 2
Austria in cluster: 3
Azerbaijan in cluster: 1
Bahrain in cluster: 6
Bangladesh in cluster: 3
Barbados in cluster: 2
Belarus in cluster: 3
Belgium in cluster: 1
Belize in cluster: 1
Benin in cluster: 2
Bermuda in cluster: 2
Bhutan in cluster: 3
Bolivia in cluster: 6
Bosnia and Herzegovina in cluster: 6
Botswana in cluster: 1
Brazil in cluster: 2
Brunei in cluster: 3
Bulgaria in cluster: 5
Burkina Faso in cluster: 6
Burundi in cluster: 5
Cambodia in cluster: 4
Cameroon in cluster: 1
Canada in cluster: 1
Cape Verde in cluster: 6
Caribbean in cluster: 1
Central African Republic in cluster: 0
Central Asia in cluster: 1
Central Europe Eastern Europe and Central Asia in cluster: 0
Central Europe in cluster: 5
Central Latin America in cluster: 2
Central Sub-Saharan Africa in cluster: 4
Chad in cluster: 1
Chile in cluster: 1
China in cluster: 3
Colombia in cluster: 2
Comoros in cluster: 3
Congo in cluster: 3
Costa Rica in cluster: 2
Cote d'Ivoire in cluster: 3
Croatia in cluster: 0
Cuba in cluster: 1
Cyprus in cluster: 0
Czech Republic in cluster: 5
Democratic Republic of the Congo in cluster: 5
Denmark in cluster: 1
Djibouti in cluster: 2
Dominica in cluster: 6
Dominican Republic in cluster: 6
East Asia in cluster: 3
Eastern Europe in cluster: 3
Eastern Sub-Saharan Africa in cluster: 4
Ecuador in cluster: 0
Egypt in cluster: 2
El Salvador in cluster: 2
Equatorial Guinea in cluster: 2
Eritrea in cluster: 0
Estonia in cluster: 1
Ethiopia in cluster: 4
Federated States of Micronesia in cluster: 1
Fiji in cluster: 1
Finland in cluster: 1
France in cluster: 1
Gabon in cluster: 2
Georgia in cluster: 1
Germany in cluster: 2
Ghana in cluster: 2
Global in cluster: 3
Greece in cluster: 6
Greenland in cluster: 2
Grenada in cluster: 6
Guam in cluster: 2
Guatemala in cluster: 1
Guinea-Bissau in cluster: 6
Guinea in cluster: 3
Guyana in cluster: 3
Haiti in cluster: 0
High SDI in cluster: 1
High-income Asia Pacific in cluster: 4
High-income North America in cluster: 2
High-income in cluster: 2
High-middle SDI in cluster: 3
Honduras in cluster: 2
Hungary in cluster: 5
Iceland in cluster: 1
India in cluster: 3
Indonesia in cluster: 6
Iran (Islamic Republic of) in cluster: 1
Iraq in cluster: 5
Ireland in cluster: 2
Israel in cluster: 3
Italy in cluster: 0
Jamaica in cluster: 1
Japan in cluster: 4
Jordan in cluster: 2
Kazakhstan in cluster: 0
Kenya in cluster: 0
Kiribati in cluster: 0
Kuwait in cluster: 2
Kyrgyzstan in cluster: 0
Laos in cluster: 3
Latin America and Caribbean in cluster: 1
Latvia in cluster: 0
Lebanon in cluster: 2
Lesotho in cluster: 6
Liberia in cluster: 0
Libya in cluster: 0
Lithuania in cluster: 0
Low SDI in cluster: 4
Low-middle SDI in cluster: 3
Luxembourg in cluster: 6
Macedonia (Former Yugoslav Republic of) in cluster: 3
Madagascar in cluster: 5
Malawi in cluster: 0
Malaysia in cluster: 6
Maldives in cluster: 2
Mali in cluster: 2
Malta in cluster: 0
Marshall Islands in cluster: 1
Mauritania in cluster: 2
Mauritius in cluster: 1
Mexico in cluster: 6
Middle SDI in cluster: 3
Moldova in cluster: 7
Mongolia in cluster: 1
Montenegro in cluster: 4
Morocco in cluster: 6
Mozambique in cluster: 6
Myanmar in cluster: 6
Namibia in cluster: 0
Nepal in cluster: 3
Netherlands in cluster: 6
New Zealand in cluster: 2
Nicaragua in cluster: 2
Niger in cluster: 3
Nigeria in cluster: 1
North Africa and Middle East in cluster: 6
North Korea in cluster: 4
Northern Mariana Islands in cluster: 1
Norway in cluster: 1
Oceania in cluster: 0
Oman in cluster: 2
Pakistan in cluster: 7
Palestine in cluster: 2
Panama in cluster: 6
Papua New Guinea in cluster: 0
Paraguay in cluster: 2
Peru in cluster: 1
Philippines in cluster: 3
Poland in cluster: 5
Portugal in cluster: 6
Puerto Rico in cluster: 2
Qatar in cluster: 5
Republic of Korea in cluster: 4
Romania in cluster: 0
Russian Federation in cluster: 3
Rwanda in cluster: 4
Saint Lucia in cluster: 6
Saint Vincent and the Grenadines in cluster: 2
Samoa in cluster: 1
Sao Tome and Principe in cluster: 3
Saudi Arabia in cluster: 2
Senegal in cluster: 3
Serbia in cluster: 0
Seychelles in cluster: 2
Sierra Leone in cluster: 3
Singapore in cluster: 3
Slovakia in cluster: 5
Slovenia in cluster: 0
Solomon Islands in cluster: 2
Somalia in cluster: 4
South Africa in cluster: 1
South Asia in cluster: 3
South Sudan in cluster: 3
Southeast Asia East Asia and Oceania in cluster: 3
Southeast Asia in cluster: 3
Southern Latin America in cluster: 3
Southern Sub-Saharan Africa in cluster: 6
Spain in cluster: 1
Sri Lanka in cluster: 3
Sub-Saharan Africa in cluster: 3
Sudan in cluster: 6
Suriname in cluster: 2
Swaziland in cluster: 0
Sweden in cluster: 1
Switzerland in cluster: 3
Syria in cluster: 3
Taiwan in cluster: 3
Tajikistan in cluster: 0
Tanzania in cluster: 4
Thailand in cluster: 6
The Bahamas in cluster: 2
The Gambia in cluster: 6
Timor-Leste in cluster: 4
Togo in cluster: 6
Tonga in cluster: 2
Trinidad and Tobago in cluster: 1
Tropical Latin America in cluster: 2
Tunisia in cluster: 3
Turkey in cluster: 6
Turkmenistan in cluster: 1
Uganda in cluster: 6
Ukraine in cluster: 0
United Arab Emirates in cluster: 5
United Kingdom in cluster: 1
United States of America in cluster: 2
Uruguay in cluster: 0
Uzbekistan in cluster: 1
Vanuatu in cluster: 3
Venezuela (Bolivarian Republic of) in cluster: 1
Vietnam in cluster: 4
Virgin Islands U.S. in cluster: 2
Western Europe in cluster: 6
Western Sub-Saharan Africa in cluster: 1
Yemen in cluster: 3
Zambia in cluster: 0
Zimbabwe in cluster: 0
