Afghanistan in cluster: 3
Albania in cluster: 3
Algeria in cluster: 0
American Samoa in cluster: 0
Andean Latin America in cluster: 0
Andorra in cluster: 3
Angola in cluster: 0
Antigua and Barbuda in cluster: 0
Argentina in cluster: 3
Armenia in cluster: 0
Australasia in cluster: 0
Australia in cluster: 0
Austria in cluster: 3
Azerbaijan in cluster: 0
Bahrain in cluster: 0
Bangladesh in cluster: 3
Barbados in cluster: 0
Belarus in cluster: 3
Belgium in cluster: 0
Belize in cluster: 0
Benin in cluster: 0
Bermuda in cluster: 0
Bhutan in cluster: 3
Bolivia in cluster: 0
Bosnia and Herzegovina in cluster: 0
Botswana in cluster: 0
Brazil in cluster: 0
Brunei in cluster: 3
Bulgaria in cluster: 3
Burkina Faso in cluster: 0
Burundi in cluster: 3
Cambodia in cluster: 3
Cameroon in cluster: 0
Canada in cluster: 0
Cape Verde in cluster: 0
Caribbean in cluster: 0
Central African Republic in cluster: 3
Central Asia in cluster: 0
Central Europe Eastern Europe and Central Asia in cluster: 3
Central Europe in cluster: 3
Central Latin America in cluster: 0
Central Sub-Saharan Africa in cluster: 3
Chad in cluster: 0
Chile in cluster: 0
China in cluster: 3
Colombia in cluster: 0
Comoros in cluster: 3
Congo in cluster: 3
Costa Rica in cluster: 0
Cote d'Ivoire in cluster: 3
Croatia in cluster: 3
Cuba in cluster: 0
Cyprus in cluster: 3
Czech Republic in cluster: 3
Democratic Republic of the Congo in cluster: 3
Denmark in cluster: 0
Djibouti in cluster: 0
Dominica in cluster: 0
Dominican Republic in cluster: 0
East Asia in cluster: 3
Eastern Europe in cluster: 3
Eastern Sub-Saharan Africa in cluster: 3
Ecuador in cluster: 3
Egypt in cluster: 0
El Salvador in cluster: 0
Equatorial Guinea in cluster: 0
Eritrea in cluster: 3
Estonia in cluster: 0
Ethiopia in cluster: 3
Federated States of Micronesia in cluster: 0
Fiji in cluster: 0
Finland in cluster: 0
France in cluster: 0
Gabon in cluster: 0
Georgia in cluster: 0
Germany in cluster: 0
Ghana in cluster: 0
Global in cluster: 3
Greece in cluster: 0
Greenland in cluster: 0
Grenada in cluster: 0
Guam in cluster: 0
Guatemala in cluster: 0
Guinea-Bissau in cluster: 0
Guinea in cluster: 3
Guyana in cluster: 3
Haiti in cluster: 3
High SDI in cluster: 0
High-income Asia Pacific in cluster: 3
High-income North America in cluster: 0
High-income in cluster: 0
High-middle SDI in cluster: 3
Honduras in cluster: 0
Hungary in cluster: 3
Iceland in cluster: 0
India in cluster: 3
Indonesia in cluster: 0
Iran (Islamic Republic of) in cluster: 0
Iraq in cluster: 3
Ireland in cluster: 0
Israel in cluster: 3
Italy in cluster: 3
Jamaica in cluster: 0
Japan in cluster: 3
Jordan in cluster: 0
Kazakhstan in cluster: 3
Kenya in cluster: 3
Kiribati in cluster: 3
Kuwait in cluster: 0
Kyrgyzstan in cluster: 3
Laos in cluster: 3
Latin America and Caribbean in cluster: 0
Latvia in cluster: 3
Lebanon in cluster: 0
Lesotho in cluster: 0
Liberia in cluster: 3
Libya in cluster: 3
Lithuania in cluster: 3
Low SDI in cluster: 3
Low-middle SDI in cluster: 3
Luxembourg in cluster: 0
Macedonia (Former Yugoslav Republic of) in cluster: 3
Madagascar in cluster: 3
Malawi in cluster: 3
Malaysia in cluster: 0
Maldives in cluster: 0
Mali in cluster: 0
Malta in cluster: 3
Marshall Islands in cluster: 0
Mauritania in cluster: 0
Mauritius in cluster: 0
Mexico in cluster: 0
Middle SDI in cluster: 3
Moldova in cluster: 1
Mongolia in cluster: 0
Montenegro in cluster: 3
Morocco in cluster: 0
Mozambique in cluster: 0
Myanmar in cluster: 0
Namibia in cluster: 3
Nepal in cluster: 3
Netherlands in cluster: 0
New Zealand in cluster: 0
Nicaragua in cluster: 0
Niger in cluster: 3
Nigeria in cluster: 0
North Africa and Middle East in cluster: 0
North Korea in cluster: 3
Northern Mariana Islands in cluster: 0
Norway in cluster: 0
Oceania in cluster: 3
Oman in cluster: 0
Pakistan in cluster: 2
Palestine in cluster: 0
Panama in cluster: 0
Papua New Guinea in cluster: 3
Paraguay in cluster: 0
Peru in cluster: 0
Philippines in cluster: 3
Poland in cluster: 3
Portugal in cluster: 0
Puerto Rico in cluster: 0
Qatar in cluster: 3
Republic of Korea in cluster: 3
Romania in cluster: 3
Russian Federation in cluster: 3
Rwanda in cluster: 3
Saint Lucia in cluster: 0
Saint Vincent and the Grenadines in cluster: 0
Samoa in cluster: 0
Sao Tome and Principe in cluster: 3
Saudi Arabia in cluster: 0
Senegal in cluster: 3
Serbia in cluster: 3
Seychelles in cluster: 0
Sierra Leone in cluster: 3
Singapore in cluster: 3
Slovakia in cluster: 3
Slovenia in cluster: 3
Solomon Islands in cluster: 0
Somalia in cluster: 3
South Africa in cluster: 0
South Asia in cluster: 3
South Sudan in cluster: 3
Southeast Asia East Asia and Oceania in cluster: 3
Southeast Asia in cluster: 3
Southern Latin America in cluster: 3
Southern Sub-Saharan Africa in cluster: 0
Spain in cluster: 0
Sri Lanka in cluster: 3
Sub-Saharan Africa in cluster: 3
Sudan in cluster: 0
Suriname in cluster: 0
Swaziland in cluster: 3
Sweden in cluster: 0
Switzerland in cluster: 3
Syria in cluster: 3
Taiwan in cluster: 3
Tajikistan in cluster: 3
Tanzania in cluster: 3
Thailand in cluster: 0
The Bahamas in cluster: 0
The Gambia in cluster: 0
Timor-Leste in cluster: 3
Togo in cluster: 0
Tonga in cluster: 0
Trinidad and Tobago in cluster: 0
Tropical Latin America in cluster: 0
Tunisia in cluster: 3
Turkey in cluster: 0
Turkmenistan in cluster: 0
Uganda in cluster: 0
Ukraine in cluster: 3
United Arab Emirates in cluster: 3
United Kingdom in cluster: 0
United States of America in cluster: 0
Uruguay in cluster: 3
Uzbekistan in cluster: 0
Vanuatu in cluster: 3
Venezuela (Bolivarian Republic of) in cluster: 0
Vietnam in cluster: 3
Virgin Islands U.S. in cluster: 0
Western Europe in cluster: 0
Western Sub-Saharan Africa in cluster: 0
Yemen in cluster: 3
Zambia in cluster: 3
Zimbabwe in cluster: 3
